# JRE version: OpenJDK Runtime Environment Temurin-21.0.10+7 (21.0.10+7) (build 21.0.10+7-LTS)
# Java VM: OpenJDK 64-Bit Server VM Temurin-21.0.10+7 (21.0.10+7-LTS, mixed mode, sharing, tiered, compressed oops, compressed class ptrs, parallel gc, windows-amd64)
GC Precious Log:
 CardTable entry size: 512
 CPUs: 8 total, 8 available
 Memory: 16126M
 Large Page Support: Disabled
 NUMA Support: Disabled
 Compressed Oops: Enabled (32-bit)
 Alignments: Space 512K, Generation 512K, Heap 2M
 Heap Min Capacity: 100M
 Heap Initial Capacity: 100M
 Heap Max Capacity: 2G
 Pre-touch: Disabled
 Parallel Workers: 8
Heap:
 PSYoungGen      total 5632K, used 3613K [0x00000000d5580000, 0x00000000d5d00000, 0x0000000100000000)
  eden space 4608K, 59% used [0x00000000d5580000,0x00000000d582cde0,0x00000000d5a00000)
  from space 1024K, 85% used [0x00000000d5c00000,0x00000000d5cda800,0x00000000d5d00000)
  to   space 1536K, 0% used [0x00000000d5a00000,0x00000000d5a00000,0x00000000d5b80000)
 ParOldGen       total 522752K, used 327646K [0x0000000080000000, 0x000000009fe80000, 0x00000000d5580000)
  object space 522752K, 62% used [0x0000000080000000,0x0000000093ff7a40,0x000000009fe80000)
 Metaspace       used 71203K, committed 72832K, reserved 1114112K
  class space    used 7137K, committed 7936K, reserved 1048576K
GC Heap History (20 events):
Event: 12420.087 GC heap before
{Heap before GC invocations=689 (full 4):
 PSYoungGen      total 2048K, used 1600K [0x00000000d5580000, 0x00000000d5900000, 0x0000000100000000)
  eden space 1024K, 100% used [0x00000000d5580000,0x00000000d5680000,0x00000000d5680000)
  from space 1024K, 56% used [0x00000000d5800000,0x00000000d5890000,0x00000000d5900000)
  to   space 1024K, 0% used [0x00000000d5700000,0x00000000d5700000,0x00000000d5800000)
 ParOldGen       total 522752K, used 312462K [0x0000000080000000, 0x000000009fe80000, 0x00000000d5580000)
  object space 522752K, 59% used [0x0000000080000000,0x00000000931239c8,0x000000009fe80000)
 Metaspace       used 71083K, committed 72640K, reserved 1114112K
  class space    used 7131K, committed 7936K, reserved 1048576K
}
Event: 12420.091 GC heap after
{Heap after GC invocations=689 (full 4):
 PSYoungGen      total 2560K, used 1024K [0x00000000d5580000, 0x00000000d5b00000, 0x0000000100000000)
  eden space 1536K, 0% used [0x00000000d5580000,0x00000000d5580000,0x00000000d5700000)
  from space 1024K, 100% used [0x00000000d5700000,0x00000000d5800000,0x00000000d5800000)
  to   space 2048K, 0% used [0x00000000d5900000,0x00000000d5900000,0x00000000d5b00000)
 ParOldGen       total 522752K, used 312990K [0x0000000080000000, 0x000000009fe80000, 0x00000000d5580000)
  object space 522752K, 59% used [0x0000000080000000,0x00000000931a79c8,0x000000009fe80000)
 Metaspace       used 71083K, committed 72640K, reserved 1114112K
  class space    used 7131K, committed 7936K, reserved 1048576K
}
Event: 12420.095 GC heap before
{Heap before GC invocations=690 (full 4):
 PSYoungGen      total 2560K, used 2560K [0x00000000d5580000, 0x00000000d5b00000, 0x0000000100000000)
  eden space 1536K, 100% used [0x00000000d5580000,0x00000000d5700000,0x00000000d5700000)
  from space 1024K, 100% used [0x00000000d5700000,0x00000000d5800000,0x00000000d5800000)
  to   space 2048K, 0% used [0x00000000d5900000,0x00000000d5900000,0x00000000d5b00000)
 ParOldGen       total 522752K, used 312990K [0x0000000080000000, 0x000000009fe80000, 0x00000000d5580000)
  object space 522752K, 59% used [0x0000000080000000,0x00000000931a79c8,0x000000009fe80000)
 Metaspace       used 71083K, committed 72640K, reserved 1114112K
  class space    used 7131K, committed 7936K, reserved 1048576K
}
Event: 12420.098 GC heap after
{Heap after GC invocations=690 (full 4):
 PSYoungGen      total 3584K, used 1632K [0x00000000d5580000, 0x00000000d5b80000, 0x0000000100000000)
  eden space 1536K, 0% used [0x00000000d5580000,0x00000000d5580000,0x00000000d5700000)
  from space 2048K, 79% used [0x00000000d5900000,0x00000000d5a98000,0x00000000d5b00000)
  to   space 2048K, 0% used [0x00000000d5700000,0x00000000d5700000,0x00000000d5900000)
 ParOldGen       total 522752K, used 314006K [0x0000000080000000, 0x000000009fe80000, 0x00000000d5580000)
  object space 522752K, 60% used [0x0000000080000000,0x00000000932a59c8,0x000000009fe80000)
 Metaspace       used 71083K, committed 72640K, reserved 1114112K
  class space    used 7131K, committed 7936K, reserved 1048576K
}
Event: 12420.104 GC heap before
{Heap before GC invocations=691 (full 4):
 PSYoungGen      total 3584K, used 3168K [0x00000000d5580000, 0x00000000d5b80000, 0x0000000100000000)
  eden space 1536K, 100% used [0x00000000d5580000,0x00000000d5700000,0x00000000d5700000)
  from space 2048K, 79% used [0x00000000d5900000,0x00000000d5a98000,0x00000000d5b00000)
  to   space 2048K, 0% used [0x00000000d5700000,0x00000000d5700000,0x00000000d5900000)
 ParOldGen       total 522752K, used 314006K [0x0000000080000000, 0x000000009fe80000, 0x00000000d5580000)
  object space 522752K, 60% used [0x0000000080000000,0x00000000932a59c8,0x000000009fe80000)
 Metaspace       used 71083K, committed 72640K, reserved 1114112K
  class space    used 7131K, committed 7936K, reserved 1048576K
}
Event: 12420.108 GC heap after
{Heap after GC invocations=691 (full 4):
 PSYoungGen      total 3584K, used 1664K [0x00000000d5580000, 0x00000000d5b80000, 0x0000000100000000)
  eden space 1536K, 0% used [0x00000000d5580000,0x00000000d5580000,0x00000000d5700000)
  from space 2048K, 81% used [0x00000000d5700000,0x00000000d58a0000,0x00000000d5900000)
  to   space 2048K, 0% used [0x00000000d5980000,0x00000000d5980000,0x00000000d5b80000)
 ParOldGen       total 522752K, used 315558K [0x0000000080000000, 0x000000009fe80000, 0x00000000d5580000)
  object space 522752K, 60% used [0x0000000080000000,0x00000000934299c8,0x000000009fe80000)
 Metaspace       used 71083K, committed 72640K, reserved 1114112K
  class space    used 7131K, committed 7936K, reserved 1048576K
}
Event: 12420.132 GC heap before
{Heap before GC invocations=692 (full 4):
 PSYoungGen      total 3584K, used 3200K [0x00000000d5580000, 0x00000000d5b80000, 0x0000000100000000)
  eden space 1536K, 100% used [0x00000000d5580000,0x00000000d5700000,0x00000000d5700000)
  from space 2048K, 81% used [0x00000000d5700000,0x00000000d58a0000,0x00000000d5900000)
  to   space 2048K, 0% used [0x00000000d5980000,0x00000000d5980000,0x00000000d5b80000)
 ParOldGen       total 522752K, used 315558K [0x0000000080000000, 0x000000009fe80000, 0x00000000d5580000)
  object space 522752K, 60% used [0x0000000080000000,0x00000000934299c8,0x000000009fe80000)
 Metaspace       used 71083K, committed 72640K, reserved 1114112K
  class space    used 7131K, committed 7936K, reserved 1048576K
}
Event: 12420.137 GC heap after
{Heap after GC invocations=692 (full 4):
 PSYoungGen      total 3584K, used 1161K [0x00000000d5580000, 0x00000000d5b00000, 0x0000000100000000)
  eden space 2048K, 0% used [0x00000000d5580000,0x00000000d5580000,0x00000000d5780000)
  from space 1536K, 75% used [0x00000000d5980000,0x00000000d5aa2600,0x00000000d5b00000)
  to   space 1536K, 0% used [0x00000000d5800000,0x00000000d5800000,0x00000000d5980000)
 ParOldGen       total 522752K, used 317078K [0x0000000080000000, 0x000000009fe80000, 0x00000000d5580000)
  object space 522752K, 60% used [0x0000000080000000,0x00000000935a59c8,0x000000009fe80000)
 Metaspace       used 71083K, committed 72640K, reserved 1114112K
  class space    used 7131K, committed 7936K, reserved 1048576K
}
Event: 12420.175 GC heap before
{Heap before GC invocations=693 (full 4):
 PSYoungGen      total 3584K, used 3209K [0x00000000d5580000, 0x00000000d5b00000, 0x0000000100000000)
  eden space 2048K, 99% used [0x00000000d5580000,0x00000000d577ff00,0x00000000d5780000)
  from space 1536K, 75% used [0x00000000d5980000,0x00000000d5aa2600,0x00000000d5b00000)
  to   space 1536K, 0% used [0x00000000d5800000,0x00000000d5800000,0x00000000d5980000)
 ParOldGen       total 522752K, used 317078K [0x0000000080000000, 0x000000009fe80000, 0x00000000d5580000)
  object space 522752K, 60% used [0x0000000080000000,0x00000000935a59c8,0x000000009fe80000)
 Metaspace       used 71147K, committed 72704K, reserved 1114112K
  class space    used 7134K, committed 7936K, reserved 1048576K
}
Event: 12420.179 GC heap after
{Heap after GC invocations=693 (full 4):
 PSYoungGen      total 4096K, used 1523K [0x00000000d5580000, 0x00000000d5e00000, 0x0000000100000000)
  eden space 2560K, 0% used [0x00000000d5580000,0x00000000d5580000,0x00000000d5800000)
  from space 1536K, 99% used [0x00000000d5800000,0x00000000d597cc00,0x00000000d5980000)
  to   space 3072K, 0% used [0x00000000d5b00000,0x00000000d5b00000,0x00000000d5e00000)
 ParOldGen       total 522752K, used 318263K [0x0000000080000000, 0x000000009fe80000, 0x00000000d5580000)
  object space 522752K, 60% used [0x0000000080000000,0x00000000936cdfc8,0x000000009fe80000)
 Metaspace       used 71147K, committed 72704K, reserved 1114112K
  class space    used 7134K, committed 7936K, reserved 1048576K
}
Event: 12420.214 GC heap before
{Heap before GC invocations=694 (full 4):
 PSYoungGen      total 4096K, used 3734K [0x00000000d5580000, 0x00000000d5e00000, 0x0000000100000000)
  eden space 2560K, 86% used [0x00000000d5580000,0x00000000d57a8d28,0x00000000d5800000)
  from space 1536K, 99% used [0x00000000d5800000,0x00000000d597cc00,0x00000000d5980000)
  to   space 3072K, 0% used [0x00000000d5b00000,0x00000000d5b00000,0x00000000d5e00000)
 ParOldGen       total 522752K, used 318263K [0x0000000080000000, 0x000000009fe80000, 0x00000000d5580000)
  object space 522752K, 60% used [0x0000000080000000,0x00000000936cdfc8,0x000000009fe80000)
 Metaspace       used 71176K, committed 72768K, reserved 1114112K
  class space    used 7137K, committed 7936K, reserved 1048576K
}
Event: 12420.218 GC heap after
{Heap after GC invocations=694 (full 4):
 PSYoungGen      total 4608K, used 1824K [0x00000000d5580000, 0x00000000d5d00000, 0x0000000100000000)
  eden space 2560K, 0% used [0x00000000d5580000,0x00000000d5580000,0x00000000d5800000)
  from space 2048K, 89% used [0x00000000d5b00000,0x00000000d5cc80b0,0x00000000d5d00000)
  to   space 2560K, 0% used [0x00000000d5800000,0x00000000d5800000,0x00000000d5a80000)
 ParOldGen       total 522752K, used 319770K [0x0000000080000000, 0x000000009fe80000, 0x00000000d5580000)
  object space 522752K, 61% used [0x0000000080000000,0x0000000093846bc8,0x000000009fe80000)
 Metaspace       used 71176K, committed 72768K, reserved 1114112K
  class space    used 7137K, committed 7936K, reserved 1048576K
}
Event: 12420.226 GC heap before
{Heap before GC invocations=695 (full 4):
 PSYoungGen      total 4608K, used 4384K [0x00000000d5580000, 0x00000000d5d00000, 0x0000000100000000)
  eden space 2560K, 100% used [0x00000000d5580000,0x00000000d5800000,0x00000000d5800000)
  from space 2048K, 89% used [0x00000000d5b00000,0x00000000d5cc80b0,0x00000000d5d00000)
  to   space 2560K, 0% used [0x00000000d5800000,0x00000000d5800000,0x00000000d5a80000)
 ParOldGen       total 522752K, used 319770K [0x0000000080000000, 0x000000009fe80000, 0x00000000d5580000)
  object space 522752K, 61% used [0x0000000080000000,0x0000000093846bc8,0x000000009fe80000)
 Metaspace       used 71176K, committed 72768K, reserved 1114112K
  class space    used 7137K, committed 7936K, reserved 1048576K
}
Event: 12420.231 GC heap after
{Heap after GC invocations=695 (full 4):
 PSYoungGen      total 5120K, used 2554K [0x00000000d5580000, 0x00000000d6280000, 0x0000000100000000)
  eden space 2560K, 0% used [0x00000000d5580000,0x00000000d5580000,0x00000000d5800000)
  from space 2560K, 99% used [0x00000000d5800000,0x00000000d5a7e880,0x00000000d5a80000)
  to   space 5120K, 0% used [0x00000000d5d80000,0x00000000d5d80000,0x00000000d6280000)
 ParOldGen       total 522752K, used 321507K [0x0000000080000000, 0x000000009fe80000, 0x00000000d5580000)
  object space 522752K, 61% used [0x0000000080000000,0x00000000939f8c48,0x000000009fe80000)
 Metaspace       used 71176K, committed 72768K, reserved 1114112K
  class space    used 7137K, committed 7936K, reserved 1048576K
}
Event: 12420.245 GC heap before
{Heap before GC invocations=696 (full 4):
 PSYoungGen      total 5120K, used 5114K [0x00000000d5580000, 0x00000000d6280000, 0x0000000100000000)
  eden space 2560K, 100% used [0x00000000d5580000,0x00000000d5800000,0x00000000d5800000)
  from space 2560K, 99% used [0x00000000d5800000,0x00000000d5a7e880,0x00000000d5a80000)
  to   space 5120K, 0% used [0x00000000d5d80000,0x00000000d5d80000,0x00000000d6280000)
 ParOldGen       total 522752K, used 321507K [0x0000000080000000, 0x000000009fe80000, 0x00000000d5580000)
  object space 522752K, 61% used [0x0000000080000000,0x00000000939f8c48,0x000000009fe80000)
 Metaspace       used 71176K, committed 72768K, reserved 1114112K
  class space    used 7137K, committed 7936K, reserved 1048576K
}
Event: 12420.250 GC heap after
{Heap after GC invocations=696 (full 4):
 PSYoungGen      total 5632K, used 2481K [0x00000000d5580000, 0x00000000d6000000, 0x0000000100000000)
  eden space 3072K, 0% used [0x00000000d5580000,0x00000000d5580000,0x00000000d5880000)
  from space 2560K, 96% used [0x00000000d5d80000,0x00000000d5fec630,0x00000000d6000000)
  to   space 3584K, 0% used [0x00000000d5900000,0x00000000d5900000,0x00000000d5c80000)
 ParOldGen       total 522752K, used 324065K [0x0000000080000000, 0x000000009fe80000, 0x00000000d5580000)
  object space 522752K, 61% used [0x0000000080000000,0x0000000093c787d0,0x000000009fe80000)
 Metaspace       used 71176K, committed 72768K, reserved 1114112K
  class space    used 7137K, committed 7936K, reserved 1048576K
}
Event: 12420.262 GC heap before
{Heap before GC invocations=697 (full 4):
 PSYoungGen      total 5632K, used 5526K [0x00000000d5580000, 0x00000000d6000000, 0x0000000100000000)
  eden space 3072K, 99% used [0x00000000d5580000,0x00000000d58793f0,0x00000000d5880000)
  from space 2560K, 96% used [0x00000000d5d80000,0x00000000d5fec630,0x00000000d6000000)
  to   space 3584K, 0% used [0x00000000d5900000,0x00000000d5900000,0x00000000d5c80000)
 ParOldGen       total 522752K, used 324065K [0x0000000080000000, 0x000000009fe80000, 0x00000000d5580000)
  object space 522752K, 61% used [0x0000000080000000,0x0000000093c787d0,0x000000009fe80000)
 Metaspace       used 71176K, committed 72768K, reserved 1114112K
  class space    used 7137K, committed 7936K, reserved 1048576K
}
Event: 12420.269 GC heap after
{Heap after GC invocations=697 (full 4):
 PSYoungGen      total 5632K, used 1588K [0x00000000d5580000, 0x00000000d5e00000, 0x0000000100000000)
  eden space 3584K, 0% used [0x00000000d5580000,0x00000000d5580000,0x00000000d5900000)
  from space 2048K, 77% used [0x00000000d5900000,0x00000000d5a8d020,0x00000000d5b00000)
  to   space 2048K, 0% used [0x00000000d5c00000,0x00000000d5c00000,0x00000000d5e00000)
 ParOldGen       total 522752K, used 326452K [0x0000000080000000, 0x000000009fe80000, 0x00000000d5580000)
  object space 522752K, 62% used [0x0000000080000000,0x0000000093ecd220,0x000000009fe80000)
 Metaspace       used 71176K, committed 72768K, reserved 1114112K
  class space    used 7137K, committed 7936K, reserved 1048576K
}
Event: 12420.331 GC heap before
{Heap before GC invocations=698 (full 4):
 PSYoungGen      total 5632K, used 5172K [0x00000000d5580000, 0x00000000d5e00000, 0x0000000100000000)
  eden space 3584K, 100% used [0x00000000d5580000,0x00000000d5900000,0x00000000d5900000)
  from space 2048K, 77% used [0x00000000d5900000,0x00000000d5a8d020,0x00000000d5b00000)
  to   space 2048K, 0% used [0x00000000d5c00000,0x00000000d5c00000,0x00000000d5e00000)
 ParOldGen       total 522752K, used 326452K [0x0000000080000000, 0x000000009fe80000, 0x00000000d5580000)
  object space 522752K, 62% used [0x0000000080000000,0x0000000093ecd220,0x000000009fe80000)
 Metaspace       used 71182K, committed 72768K, reserved 1114112K
  class space    used 7137K, committed 7936K, reserved 1048576K
}
Event: 12420.337 GC heap after
{Heap after GC invocations=698 (full 4):
 PSYoungGen      total 5632K, used 874K [0x00000000d5580000, 0x00000000d5d00000, 0x0000000100000000)
  eden space 4608K, 0% used [0x00000000d5580000,0x00000000d5580000,0x00000000d5a00000)
  from space 1024K, 85% used [0x00000000d5c00000,0x00000000d5cda800,0x00000000d5d00000)
  to   space 1536K, 0% used [0x00000000d5a00000,0x00000000d5a00000,0x00000000d5b80000)
 ParOldGen       total 522752K, used 327646K [0x0000000080000000, 0x000000009fe80000, 0x00000000d5580000)
  object space 522752K, 62% used [0x0000000080000000,0x0000000093ff7a40,0x000000009fe80000)
 Metaspace       used 71182K, committed 72768K, reserved 1114112K
  class space    used 7137K, committed 7936K, reserved 1048576K
}

